<?xml version="1.0" encoding="UTF-8"?>
<!-- Generated by org.testng.reporters.JUnitReportReporter -->
<testsuite hostname="LAPTOP-TITMNUN2" failures="0" tests="1" name="SumValidation" time="0.945" errors="0" timestamp="2023-10-16T15:16:03 IST" skipped="0">
  <testcase classname="SumValidation" name="sumOfCourses" time="0.945"/>
  <system-out/>
</testsuite> <!-- SumValidation -->
