<?xml version="1.0" encoding="UTF-8"?>
<!-- Generated by org.testng.reporters.JUnitReportReporter -->
<testsuite hostname="LAPTOP-TITMNUN2" failures="0" tests="6" name="DynamicJson" time="2.999" errors="0" timestamp="2023-10-16T17:11:01 IST" skipped="0">
  <testcase classname="DynamicJson" name="deleteBook" time="0.275"/>
  <system-out/>
  <testcase classname="DynamicJson" name="deleteBook" time="0.312"/>
  <system-out/>
  <testcase classname="DynamicJson" name="addBook" time="0.318"/>
  <system-out/>
  <testcase classname="DynamicJson" name="addBook" time="0.242"/>
  <system-out/>
  <testcase classname="DynamicJson" name="deleteBook" time="0.201"/>
  <system-out/>
  <testcase classname="DynamicJson" name="addBook" time="1.651"/>
  <system-out/>
</testsuite> <!-- DynamicJson -->
